<?xml version="1.0" encoding="UTF-8"?>
<testng-results ignored="0" total="1" passed="1" failed="0" skipped="0">
  <reporter-output>
  </reporter-output>
  <suite started-at="2024-03-02T22:10:07 EET" name="Default suite" finished-at="2024-03-02T22:10:14 EET" duration-ms="7103">
    <groups>
    </groups>
    <test started-at="2024-03-02T22:10:07 EET" name="Default test" finished-at="2024-03-02T22:10:14 EET" duration-ms="7103">
      <class name="swagLab.Soso">
        <test-method is-config="true" signature="BeforeTesting()[pri:0, instance:swagLab.Soso@2a1edad4]" started-at="2024-03-02T22:10:07 EET" name="BeforeTesting" finished-at="2024-03-02T22:10:08 EET" duration-ms="443" status="PASS">
          <reporter-output>
          </reporter-output>
        </test-method> <!-- BeforeTesting -->
        <test-method signature="loginTest()[pri:0, instance:swagLab.Soso@2a1edad4]" started-at="2024-03-02T22:10:08 EET" name="loginTest" finished-at="2024-03-02T22:10:14 EET" duration-ms="6576" status="PASS">
          <reporter-output>
          </reporter-output>
        </test-method> <!-- loginTest -->
      </class> <!-- swagLab.Soso -->
    </test> <!-- Default test -->
  </suite> <!-- Default suite -->
</testng-results>
